2020-09-23 13:07:18,976 INFO o.s.b.StartupInfoLogger [main] Starting StartTomCatServer on DESKTOP-UR334EQ with PID 9244 (C:\Users\thang\Sales\target\classes started by thang in C:\Users\thang\Sales)
2020-09-23 13:07:19,003 INFO o.s.b.SpringApplication [main] No active profile set, falling back to default profiles: default
2020-09-23 13:07:22,966 INFO o.s.d.r.c.RepositoryConfigurationDelegate [main] Bootstrapping Spring Data repositories in DEFAULT mode.
2020-09-23 13:07:23,176 INFO o.s.d.r.c.RepositoryConfigurationDelegate [main] Finished Spring Data repository scanning in 183ms. Found 12 repository interfaces.
2020-09-23 13:07:24,022 INFO o.s.c.s.PostProcessorRegistrationDelegate$BeanPostProcessorChecker [main] Bean 'org.springframework.transaction.annotation.ProxyTransactionManagementConfiguration' of type [org.springframework.transaction.annotation.ProxyTransactionManagementConfiguration$$EnhancerBySpringCGLIB$$d212c5f5] is not eligible for getting processed by all BeanPostProcessors (for example: not eligible for auto-proxying)
2020-09-23 13:07:25,200 INFO o.s.b.w.e.t.TomcatWebServer [main] Tomcat initialized with port(s): 8080 (http)
2020-09-23 13:07:25,230 INFO o.a.j.l.DirectJDKLog [main] Initializing ProtocolHandler ["http-nio-8080"]
2020-09-23 13:07:25,246 INFO o.a.j.l.DirectJDKLog [main] Starting service [Tomcat]
2020-09-23 13:07:25,248 INFO o.a.j.l.DirectJDKLog [main] Starting Servlet engine: [Apache Tomcat/9.0.17]
2020-09-23 13:07:27,447 INFO o.a.j.l.DirectJDKLog [main] At least one JAR was scanned for TLDs yet contained no TLDs. Enable debug logging for this logger for a complete list of JARs that were scanned but no TLDs were found in them. Skipping unneeded JARs during scanning can improve startup time and JSP compilation time.
2020-09-23 13:07:27,469 INFO o.a.j.l.DirectJDKLog [main] Initializing Spring embedded WebApplicationContext
2020-09-23 13:07:27,470 INFO o.s.b.w.s.c.ServletWebServerApplicationContext [main] Root WebApplicationContext: initialization completed in 8387 ms
2020-09-23 13:07:27,754 INFO c.z.h.HikariDataSource [main] HikariPool-1 - Starting...
2020-09-23 13:07:28,320 INFO c.z.h.HikariDataSource [main] HikariPool-1 - Start completed.
2020-09-23 13:07:28,579 INFO o.h.j.i.u.LogHelper [main] HHH000204: Processing PersistenceUnitInfo [
	name: default
	...]
2020-09-23 13:07:28,798 INFO o.h.Version [main] HHH000412: Hibernate Core {5.3.9.Final}
2020-09-23 13:07:28,800 INFO o.h.c.Environment [main] HHH000206: hibernate.properties not found
2020-09-23 13:07:29,520 INFO o.h.a.c.r.j.JavaReflectionManager [main] HCANN000001: Hibernate Commons Annotations {5.0.4.Final}
2020-09-23 13:07:31,180 INFO o.h.d.Dialect [main] HHH000400: Using dialect: org.hibernate.dialect.MySQL5Dialect
2020-09-23 13:07:31,749 WARN o.h.m.RootClass [main] HHH000038: Composite-id class does not override equals(): com.dev.Sales.Entities.PhanQuyenEntity
2020-09-23 13:07:31,750 WARN o.h.m.RootClass [main] HHH000039: Composite-id class does not override hashCode(): com.dev.Sales.Entities.PhanQuyenEntity
2020-09-23 13:07:33,574 INFO o.s.o.j.AbstractEntityManagerFactoryBean [main] Initialized JPA EntityManagerFactory for persistence unit 'default'
2020-09-23 13:07:35,078 WARN o.s.b.a.o.j.JpaBaseConfiguration$JpaWebConfiguration$JpaWebMvcConfiguration [main] spring.jpa.open-in-view is enabled by default. Therefore, database queries may be performed during view rendering. Explicitly configure spring.jpa.open-in-view to disable this warning
2020-09-23 13:07:35,657 INFO o.s.s.w.DefaultSecurityFilterChain [main] Creating filter chain: any request, [org.springframework.security.web.context.request.async.WebAsyncManagerIntegrationFilter@26a9c6df, org.springframework.security.web.context.SecurityContextPersistenceFilter@35d114f4, org.springframework.security.web.header.HeaderWriterFilter@16d4024e, org.springframework.security.web.authentication.logout.LogoutFilter@41ec4271, org.springframework.security.web.authentication.UsernamePasswordAuthenticationFilter@775edae0, org.springframework.security.web.savedrequest.RequestCacheAwareFilter@4be460e5, org.springframework.security.web.servletapi.SecurityContextHolderAwareRequestFilter@26679788, org.springframework.security.web.authentication.AnonymousAuthenticationFilter@2ce24a1a, org.springframework.security.web.session.SessionManagementFilter@63d3c9dc, org.springframework.security.web.access.ExceptionTranslationFilter@65b2ee36, org.springframework.security.web.access.intercept.FilterSecurityInterceptor@77476fcf]
2020-09-23 13:07:36,152 INFO o.a.j.l.DirectJDKLog [main] Starting ProtocolHandler ["http-nio-8080"]
2020-09-23 13:07:36,265 INFO o.s.b.w.e.t.TomcatWebServer [main] Tomcat started on port(s): 8080 (http) with context path ''
2020-09-23 13:07:36,268 INFO o.s.b.StartupInfoLogger [main] Started StartTomCatServer in 18.579 seconds (JVM running for 20.804)
